<?xml version="1.0" encoding="UTF-8"?>
<!-- Generated by org.testng.reporters.JUnitXMLReporter -->
<testsuite ignored="0" hostname="IN-F18K1N3" failures="0" tests="6" name="Test" time="5.772" errors="0" timestamp="2023-01-18T15:39:37 IST">
  <testcase classname="requests.POST_CreateUser" name="createUser_POST" time="2.886"/>
  <testcase classname="requests.CreateUser_Serialization" name="CreateUserJSON_From_CreateUserPOJOClass" time="0.554"/>
  <testcase classname="requests.GET_SingleUser" name="get_User_Detail" time="0.767"/>
  <testcase classname="requests.GET_ListofUsers" name="get_List_Of_User_Details" time="0.193"/>
  <testcase classname="requests.PUT_UpdateUser" name="update_User_Details" time="0.485"/>
  <testcase classname="requests.DELETE_SingleUser" name="get_User_Detail" time="0.486"/>
</testsuite> <!-- Test -->
