<?xml version="1.0" encoding="UTF-8"?>
<!-- Generated by org.testng.reporters.JUnitXMLReporter -->
<testsuite ignored="0" hostname="IN-F18K1N3" failures="0" tests="7" name="Command line test" time="7.346" errors="0" timestamp="2023-01-18T15:56:57 IST">
  <testcase classname="requests.Test01_GET" name="test_01" time="3.519"/>
  <testcase classname="requests.Test01_GET" name="test_SingleUser" time="1.411"/>
  <testcase classname="requests.Tests_DELETE" name="test_01_delete" time="0.515"/>
  <testcase classname="requests.Tests_GET" name="test_logResponse" time="0.272"/>
  <testcase classname="requests.Tests_PATCH" name="test_01_patch" time="0.57"/>
  <testcase classname="requests.Tests_POST" name="test_01_post" time="0.484"/>
  <testcase classname="requests.Tests_PUT" name="test_01_put" time="0.496"/>
</testsuite> <!-- Command line test -->
