<?xml version="1.0" encoding="UTF-8" ?>
<testsuite tests="7" failures="0" name="TestSuite" time="7.279" errors="0" skipped="0">
  <properties>
[...]
</properties>
  <testcase classname="requests.Test01_GET" name="test_01" time="3.519"/>
  <testcase classname="requests.Test01_GET" name="test_SingleUser" time="1.417"/>
  <testcase classname="requests.Tests_DELETE" name="test_01_delete" time="0.516"/>
  <testcase classname="requests.Tests_GET" name="test_logResponse" time="0.286"/>
  <testcase classname="requests.Tests_PATCH" name="test_01_patch" time="0.561"/>
  <testcase classname="requests.Tests_POST" name="test_01_post" time="0.484"/>
  <testcase classname="requests.Tests_PUT" name="test_01_put" time="0.496"/>
</testsuite>