<?xml version="1.0" encoding="UTF-8"?>
<testng-results ignored="0" total="7" passed="7" failed="0" skipped="0">
  <reporter-output>
  </reporter-output>
  <suite started-at="2023-01-18T15:56:50 IST" name="Command line suite" finished-at="2023-01-18T15:56:57 IST" duration-ms="7346">
    <groups>
    </groups>
    <test started-at="2023-01-18T15:56:50 IST" name="Command line test" finished-at="2023-01-18T15:56:57 IST" duration-ms="7346">
      <class name="requests.Test01_GET">
        <test-method signature="test_01()[pri:0, instance:requests.Test01_GET@7b98f307]" started-at="2023-01-18T15:56:50 IST" name="test_01" finished-at="2023-01-18T15:56:53 IST" duration-ms="3519" status="PASS">
          <reporter-output>
          </reporter-output>
        </test-method> <!-- test_01 -->
        <test-method signature="test_SingleUser()[pri:0, instance:requests.Test01_GET@7b98f307]" started-at="2023-01-18T15:56:53 IST" name="test_SingleUser" finished-at="2023-01-18T15:56:55 IST" duration-ms="1411" status="PASS">
          <reporter-output>
          </reporter-output>
        </test-method> <!-- test_SingleUser -->
      </class> <!-- requests.Test01_GET -->
      <class name="requests.Tests_DELETE">
        <test-method signature="test_01_delete()[pri:0, instance:requests.Tests_DELETE@4802796d]" started-at="2023-01-18T15:56:55 IST" name="test_01_delete" finished-at="2023-01-18T15:56:55 IST" duration-ms="515" status="PASS">
          <reporter-output>
          </reporter-output>
        </test-method> <!-- test_01_delete -->
      </class> <!-- requests.Tests_DELETE -->
      <class name="requests.Tests_POST">
        <test-method signature="test_01_post()[pri:0, instance:requests.Tests_POST@65fb9ffc]" started-at="2023-01-18T15:56:56 IST" name="test_01_post" finished-at="2023-01-18T15:56:57 IST" duration-ms="484" status="PASS">
          <reporter-output>
          </reporter-output>
        </test-method> <!-- test_01_post -->
      </class> <!-- requests.Tests_POST -->
      <class name="requests.Tests_GET">
        <test-method signature="test_logResponse()[pri:0, instance:requests.Tests_GET@34123d65]" started-at="2023-01-18T15:56:55 IST" name="test_logResponse" finished-at="2023-01-18T15:56:55 IST" duration-ms="272" status="PASS">
          <reporter-output>
          </reporter-output>
        </test-method> <!-- test_logResponse -->
      </class> <!-- requests.Tests_GET -->
      <class name="requests.Tests_PUT">
        <test-method signature="test_01_put()[pri:0, instance:requests.Tests_PUT@3e694b3f]" started-at="2023-01-18T15:56:57 IST" name="test_01_put" finished-at="2023-01-18T15:56:57 IST" duration-ms="496" status="PASS">
          <reporter-output>
          </reporter-output>
        </test-method> <!-- test_01_put -->
      </class> <!-- requests.Tests_PUT -->
      <class name="requests.Tests_PATCH">
        <test-method signature="test_01_patch()[pri:0, instance:requests.Tests_PATCH@59474f18]" started-at="2023-01-18T15:56:55 IST" name="test_01_patch" finished-at="2023-01-18T15:56:56 IST" duration-ms="570" status="PASS">
          <reporter-output>
          </reporter-output>
        </test-method> <!-- test_01_patch -->
      </class> <!-- requests.Tests_PATCH -->
    </test> <!-- Command line test -->
  </suite> <!-- Command line suite -->
</testng-results>
