<?xml version="1.0" encoding="UTF-8"?>
<testng-results ignored="0" total="6" passed="6" failed="0" skipped="0">
  <reporter-output>
  </reporter-output>
  <suite started-at="2023-01-18T15:39:31 IST" name="Suite" finished-at="2023-01-18T15:39:37 IST" duration-ms="5772">
    <groups>
    </groups>
    <test started-at="2023-01-18T15:39:31 IST" name="Test" finished-at="2023-01-18T15:39:37 IST" duration-ms="5772">
      <class name="requests.GET_ListofUsers">
        <test-method signature="get_List_Of_User_Details()[pri:0, instance:requests.GET_ListofUsers@4fb3ee4e]" started-at="2023-01-18T15:39:36 IST" name="get_List_Of_User_Details" finished-at="2023-01-18T15:39:36 IST" duration-ms="193" status="PASS">
          <reporter-output>
          </reporter-output>
        </test-method> <!-- get_List_Of_User_Details -->
      </class> <!-- requests.GET_ListofUsers -->
      <class name="requests.DELETE_SingleUser">
        <test-method signature="get_User_Detail()[pri:0, instance:requests.DELETE_SingleUser@25fb8912]" started-at="2023-01-18T15:39:36 IST" name="get_User_Detail" finished-at="2023-01-18T15:39:37 IST" duration-ms="486" status="PASS">
          <reporter-output>
          </reporter-output>
        </test-method> <!-- get_User_Detail -->
      </class> <!-- requests.DELETE_SingleUser -->
      <class name="requests.GET_SingleUser">
        <test-method signature="get_User_Detail()[pri:0, instance:requests.GET_SingleUser@f5acb9d]" started-at="2023-01-18T15:39:35 IST" name="get_User_Detail" finished-at="2023-01-18T15:39:36 IST" duration-ms="767" status="PASS">
          <reporter-output>
          </reporter-output>
        </test-method> <!-- get_User_Detail -->
      </class> <!-- requests.GET_SingleUser -->
      <class name="requests.POST_CreateUser">
        <test-method is-config="true" signature="setup()[pri:0, instance:requests.POST_CreateUser@614ca7df]" started-at="2023-01-18T15:39:32 IST" name="setup" finished-at="2023-01-18T15:39:32 IST" duration-ms="21" status="PASS">
          <reporter-output>
          </reporter-output>
        </test-method> <!-- setup -->
        <test-method signature="createUser_POST()[pri:0, instance:requests.POST_CreateUser@614ca7df]" started-at="2023-01-18T15:39:32 IST" name="createUser_POST" finished-at="2023-01-18T15:39:34 IST" duration-ms="2886" status="PASS">
          <reporter-output>
          </reporter-output>
        </test-method> <!-- createUser_POST -->
      </class> <!-- requests.POST_CreateUser -->
      <class name="requests.PUT_UpdateUser">
        <test-method signature="update_User_Details()[pri:0, instance:requests.PUT_UpdateUser@5d7148e2]" started-at="2023-01-18T15:39:36 IST" name="update_User_Details" finished-at="2023-01-18T15:39:36 IST" duration-ms="485" status="PASS">
          <reporter-output>
          </reporter-output>
        </test-method> <!-- update_User_Details -->
      </class> <!-- requests.PUT_UpdateUser -->
      <class name="requests.CreateUser_Serialization">
        <test-method signature="CreateUserJSON_From_CreateUserPOJOClass()[pri:0, instance:requests.CreateUser_Serialization@543588e6]" started-at="2023-01-18T15:39:34 IST" name="CreateUserJSON_From_CreateUserPOJOClass" finished-at="2023-01-18T15:39:35 IST" duration-ms="554" status="PASS">
          <reporter-output>
          </reporter-output>
        </test-method> <!-- CreateUserJSON_From_CreateUserPOJOClass -->
      </class> <!-- requests.CreateUser_Serialization -->
    </test> <!-- Test -->
  </suite> <!-- Suite -->
</testng-results>
